# JRE version: OpenJDK Runtime Environment Temurin-17.0.19+10 (17.0.19+10) (build 17.0.19+10)
# Java VM: OpenJDK 64-Bit Server VM Temurin-17.0.19+10 (17.0.19+10, mixed mode, sharing, tiered, compressed oops, compressed class ptrs, g1 gc, windows-amd64)
GC Precious Log:
 CPUs: 8 total, 8 available
 Memory: 15761M
 Large Page Support: Disabled
 NUMA Support: Disabled
 Compressed Oops: Enabled (Zero based)
 Heap Region Size: 2M
 Heap Min Capacity: 8M
 Heap Initial Capacity: 248M
 Heap Max Capacity: 2560M
 Pre-touch: Disabled
 Parallel Workers: 8
 Concurrent Workers: 2
 Concurrent Refinement Workers: 8
 Periodic GC: Disabled
Heap:
 garbage-first heap   total 624640K, used 291679K [0x0000000760000000, 0x0000000800000000)
  region size 2048K, 3 young (6144K), 3 survivors (6144K)
 Metaspace       used 184562K, committed 185856K, reserved 835584K
  class space    used 23520K, committed 24128K, reserved 638976K
GC Heap History (20 events):
Event: 151.693 GC heap after
{Heap after GC invocations=141 (full 0):
 garbage-first heap   total 430080K, used 265760K [0x0000000760000000, 0x0000000800000000)
  region size 2048K, 4 young (8192K), 4 survivors (8192K)
 Metaspace       used 184546K, committed 185792K, reserved 835584K
  class space    used 23525K, committed 24128K, reserved 638976K
}
Event: 152.258 GC heap before
{Heap before GC invocations=141 (full 0):
 garbage-first heap   total 430080K, used 370208K [0x0000000760000000, 0x0000000800000000)
  region size 2048K, 55 young (112640K), 4 survivors (8192K)
 Metaspace       used 184546K, committed 185792K, reserved 835584K
  class space    used 23525K, committed 24128K, reserved 638976K
}
Event: 152.263 GC heap after
{Heap after GC invocations=142 (full 0):
 garbage-first heap   total 430080K, used 269453K [0x0000000760000000, 0x0000000800000000)
  region size 2048K, 4 young (8192K), 4 survivors (8192K)
 Metaspace       used 184546K, committed 185792K, reserved 835584K
  class space    used 23525K, committed 24128K, reserved 638976K
}
Event: 155.267 GC heap before
{Heap before GC invocations=142 (full 0):
 garbage-first heap   total 430080K, used 369805K [0x0000000760000000, 0x0000000800000000)
  region size 2048K, 53 young (108544K), 4 survivors (8192K)
 Metaspace       used 184556K, committed 185792K, reserved 835584K
  class space    used 23525K, committed 24128K, reserved 638976K
}
Event: 155.271 GC heap after
{Heap after GC invocations=143 (full 0):
 garbage-first heap   total 430080K, used 271102K [0x0000000760000000, 0x0000000800000000)
  region size 2048K, 4 young (8192K), 4 survivors (8192K)
 Metaspace       used 184556K, committed 185792K, reserved 835584K
  class space    used 23525K, committed 24128K, reserved 638976K
}
Event: 156.541 GC heap before
{Heap before GC invocations=143 (full 0):
 garbage-first heap   total 430080K, used 371454K [0x0000000760000000, 0x0000000800000000)
  region size 2048K, 53 young (108544K), 4 survivors (8192K)
 Metaspace       used 184560K, committed 185792K, reserved 835584K
  class space    used 23525K, committed 24128K, reserved 638976K
}
Event: 156.544 GC heap after
{Heap after GC invocations=144 (full 0):
 garbage-first heap   total 430080K, used 273812K [0x0000000760000000, 0x0000000800000000)
  region size 2048K, 5 young (10240K), 5 survivors (10240K)
 Metaspace       used 184560K, committed 185792K, reserved 835584K
  class space    used 23525K, committed 24128K, reserved 638976K
}
Event: 158.592 GC heap before
{Heap before GC invocations=144 (full 0):
 garbage-first heap   total 430080K, used 372116K [0x0000000760000000, 0x0000000800000000)
  region size 2048K, 53 young (108544K), 5 survivors (10240K)
 Metaspace       used 184566K, committed 185856K, reserved 835584K
  class space    used 23525K, committed 24128K, reserved 638976K
}
Event: 158.597 GC heap after
{Heap after GC invocations=145 (full 0):
 garbage-first heap   total 430080K, used 275926K [0x0000000760000000, 0x0000000800000000)
  region size 2048K, 4 young (8192K), 4 survivors (8192K)
 Metaspace       used 184566K, committed 185856K, reserved 835584K
  class space    used 23525K, committed 24128K, reserved 638976K
}
Event: 158.916 GC heap before
{Heap before GC invocations=145 (full 0):
 garbage-first heap   total 430080K, used 372182K [0x0000000760000000, 0x0000000800000000)
  region size 2048K, 52 young (106496K), 4 survivors (8192K)
 Metaspace       used 184576K, committed 185856K, reserved 835584K
  class space    used 23525K, committed 24128K, reserved 638976K
}
Event: 158.925 GC heap after
{Heap after GC invocations=146 (full 0):
 garbage-first heap   total 430080K, used 286016K [0x0000000760000000, 0x0000000800000000)
  region size 2048K, 7 young (14336K), 7 survivors (14336K)
 Metaspace       used 184576K, committed 185856K, reserved 835584K
  class space    used 23525K, committed 24128K, reserved 638976K
}
Event: 159.095 GC heap before
{Heap before GC invocations=146 (full 0):
 garbage-first heap   total 430080K, used 369984K [0x0000000760000000, 0x0000000800000000)
  region size 2048K, 48 young (98304K), 7 survivors (14336K)
 Metaspace       used 184576K, committed 185856K, reserved 835584K
  class space    used 23525K, committed 24128K, reserved 638976K
}
Event: 159.101 GC heap after
{Heap after GC invocations=147 (full 0):
 garbage-first heap   total 430080K, used 289375K [0x0000000760000000, 0x0000000800000000)
  region size 2048K, 2 young (4096K), 2 survivors (4096K)
 Metaspace       used 184576K, committed 185856K, reserved 835584K
  class space    used 23525K, committed 24128K, reserved 638976K
}
Event: 159.243 GC heap before
{Heap before GC invocations=147 (full 0):
 garbage-first heap   total 430080K, used 373343K [0x0000000760000000, 0x0000000800000000)
  region size 2048K, 43 young (88064K), 2 survivors (4096K)
 Metaspace       used 184576K, committed 185856K, reserved 835584K
  class space    used 23525K, committed 24128K, reserved 638976K
}
Event: 159.246 GC heap after
{Heap after GC invocations=148 (full 0):
 garbage-first heap   total 430080K, used 289601K [0x0000000760000000, 0x0000000800000000)
  region size 2048K, 2 young (4096K), 2 survivors (4096K)
 Metaspace       used 184576K, committed 185856K, reserved 835584K
  class space    used 23525K, committed 24128K, reserved 638976K
}
Event: 159.318 GC heap before
{Heap before GC invocations=148 (full 0):
 garbage-first heap   total 430080K, used 373569K [0x0000000760000000, 0x0000000800000000)
  region size 2048K, 44 young (90112K), 2 survivors (4096K)
 Metaspace       used 184576K, committed 185856K, reserved 835584K
  class space    used 23525K, committed 24128K, reserved 638976K
}
Event: 159.322 GC heap after
{Heap after GC invocations=149 (full 0):
 garbage-first heap   total 430080K, used 290227K [0x0000000760000000, 0x0000000800000000)
  region size 2048K, 3 young (6144K), 3 survivors (6144K)
 Metaspace       used 184576K, committed 185856K, reserved 835584K
  class space    used 23525K, committed 24128K, reserved 638976K
}
Event: 159.427 GC heap before
{Heap before GC invocations=149 (full 0):
 garbage-first heap   total 430080K, used 374195K [0x0000000760000000, 0x0000000800000000)
  region size 2048K, 44 young (90112K), 3 survivors (6144K)
 Metaspace       used 184576K, committed 185856K, reserved 835584K
  class space    used 23525K, committed 24128K, reserved 638976K
}
Event: 159.430 GC heap after
{Heap after GC invocations=150 (full 0):
 garbage-first heap   total 430080K, used 291086K [0x0000000760000000, 0x0000000800000000)
  region size 2048K, 3 young (6144K), 3 survivors (6144K)
 Metaspace       used 184576K, committed 185856K, reserved 835584K
  class space    used 23525K, committed 24128K, reserved 638976K
}
Event: 159.545 GC heap before
{Heap before GC invocations=150 (full 0):
 garbage-first heap   total 624640K, used 377102K [0x0000000760000000, 0x0000000800000000)
  region size 2048K, 45 young (92160K), 3 survivors (6144K)
 Metaspace       used 184562K, committed 185856K, reserved 835584K
  class space    used 23520K, committed 24128K, reserved 638976K
}

