# JRE version: OpenJDK Runtime Environment Temurin-17.0.19+10 (17.0.19+10) (build 17.0.19+10)
# Java VM: OpenJDK 64-Bit Server VM Temurin-17.0.19+10 (17.0.19+10, mixed mode, sharing, tiered, compressed oops, compressed class ptrs, g1 gc, windows-amd64)
GC Precious Log:
 CPUs: 8 total, 8 available
 Memory: 15761M
 Large Page Support: Disabled
 NUMA Support: Disabled
 Compressed Oops: Enabled (Zero based)
 Heap Region Size: 4M
 Heap Min Capacity: 8M
 Heap Initial Capacity: 248M
 Heap Max Capacity: 8G
 Pre-touch: Disabled
 Parallel Workers: 8
 Concurrent Workers: 2
 Concurrent Refinement Workers: 8
 Periodic GC: Disabled
Heap:
 garbage-first heap   total 847872K, used 209821K [0x0000000600000000, 0x0000000800000000)
  region size 4096K, 8 young (32768K), 8 survivors (32768K)
 Metaspace       used 148709K, committed 149504K, reserved 1179648K
  class space    used 18731K, committed 19136K, reserved 1048576K
GC Heap History (20 events):
Event: 93.267 GC heap after
{Heap after GC invocations=88 (full 0):
 garbage-first heap   total 532480K, used 194389K [0x0000000600000000, 0x0000000800000000)
  region size 4096K, 2 young (8192K), 2 survivors (8192K)
 Metaspace       used 148531K, committed 149440K, reserved 1179648K
  class space    used 18724K, committed 19136K, reserved 1048576K
}
Event: 93.593 GC heap before
{Heap before GC invocations=88 (full 0):
 garbage-first heap   total 532480K, used 431957K [0x0000000600000000, 0x0000000800000000)
  region size 4096K, 61 young (249856K), 2 survivors (8192K)
 Metaspace       used 148585K, committed 149440K, reserved 1179648K
  class space    used 18724K, committed 19136K, reserved 1048576K
}
Event: 93.599 GC heap after
{Heap after GC invocations=89 (full 0):
 garbage-first heap   total 704512K, used 197202K [0x0000000600000000, 0x0000000800000000)
  region size 4096K, 3 young (12288K), 3 survivors (12288K)
 Metaspace       used 148585K, committed 149440K, reserved 1179648K
  class space    used 18724K, committed 19136K, reserved 1048576K
}
Event: 94.104 GC heap before
{Heap before GC invocations=89 (full 0):
 garbage-first heap   total 704512K, used 565842K [0x0000000600000000, 0x0000000800000000)
  region size 4096K, 95 young (389120K), 3 survivors (12288K)
 Metaspace       used 148613K, committed 149440K, reserved 1179648K
  class space    used 18725K, committed 19136K, reserved 1048576K
}
Event: 94.113 GC heap after
{Heap after GC invocations=90 (full 0):
 garbage-first heap   total 704512K, used 203015K [0x0000000600000000, 0x0000000800000000)
  region size 4096K, 4 young (16384K), 4 survivors (16384K)
 Metaspace       used 148613K, committed 149440K, reserved 1179648K
  class space    used 18725K, committed 19136K, reserved 1048576K
}
Event: 94.573 GC heap before
{Heap before GC invocations=90 (full 0):
 garbage-first heap   total 704512K, used 567559K [0x0000000600000000, 0x0000000800000000)
  region size 4096K, 94 young (385024K), 4 survivors (16384K)
 Metaspace       used 148642K, committed 149504K, reserved 1179648K
  class space    used 18725K, committed 19136K, reserved 1048576K
}
Event: 94.586 GC heap after
{Heap after GC invocations=91 (full 0):
 garbage-first heap   total 704512K, used 208868K [0x0000000600000000, 0x0000000800000000)
  region size 4096K, 5 young (20480K), 5 survivors (20480K)
 Metaspace       used 148642K, committed 149504K, reserved 1179648K
  class space    used 18725K, committed 19136K, reserved 1048576K
}
Event: 94.958 GC heap before
{Heap before GC invocations=91 (full 0):
 garbage-first heap   total 704512K, used 581604K [0x0000000600000000, 0x0000000800000000)
  region size 4096K, 97 young (397312K), 5 survivors (20480K)
 Metaspace       used 148650K, committed 149504K, reserved 1179648K
  class space    used 18726K, committed 19136K, reserved 1048576K
}
Event: 94.972 GC heap after
{Heap after GC invocations=92 (full 0):
 garbage-first heap   total 704512K, used 212426K [0x0000000600000000, 0x0000000800000000)
  region size 4096K, 6 young (24576K), 6 survivors (24576K)
 Metaspace       used 148650K, committed 149504K, reserved 1179648K
  class space    used 18726K, committed 19136K, reserved 1048576K
}
Event: 95.298 GC heap before
{Heap before GC invocations=92 (full 0):
 garbage-first heap   total 704512K, used 585162K [0x0000000600000000, 0x0000000800000000)
  region size 4096K, 98 young (401408K), 6 survivors (24576K)
 Metaspace       used 148651K, committed 149504K, reserved 1179648K
  class space    used 18726K, committed 19136K, reserved 1048576K
}
Event: 95.315 GC heap after
{Heap after GC invocations=93 (full 0):
 garbage-first heap   total 847872K, used 217512K [0x0000000600000000, 0x0000000800000000)
  region size 4096K, 8 young (32768K), 8 survivors (32768K)
 Metaspace       used 148651K, committed 149504K, reserved 1179648K
  class space    used 18726K, committed 19136K, reserved 1048576K
}
Event: 95.823 GC heap before
{Heap before GC invocations=93 (full 0):
 garbage-first heap   total 847872K, used 688552K [0x0000000600000000, 0x0000000800000000)
  region size 4096K, 125 young (512000K), 8 survivors (32768K)
 Metaspace       used 148664K, committed 149504K, reserved 1179648K
  class space    used 18727K, committed 19136K, reserved 1048576K
}
Event: 95.837 GC heap after
{Heap after GC invocations=94 (full 0):
 garbage-first heap   total 847872K, used 214073K [0x0000000600000000, 0x0000000800000000)
  region size 4096K, 7 young (28672K), 7 survivors (28672K)
 Metaspace       used 148664K, committed 149504K, reserved 1179648K
  class space    used 18727K, committed 19136K, reserved 1048576K
}
Event: 96.378 GC heap before
{Heap before GC invocations=94 (full 0):
 garbage-first heap   total 847872K, used 693305K [0x0000000600000000, 0x0000000800000000)
  region size 4096K, 124 young (507904K), 7 survivors (28672K)
 Metaspace       used 148667K, committed 149504K, reserved 1179648K
  class space    used 18727K, committed 19136K, reserved 1048576K
}
Event: 96.392 GC heap after
{Heap after GC invocations=95 (full 0):
 garbage-first heap   total 847872K, used 208429K [0x0000000600000000, 0x0000000800000000)
  region size 4096K, 5 young (20480K), 5 survivors (20480K)
 Metaspace       used 148667K, committed 149504K, reserved 1179648K
  class space    used 18727K, committed 19136K, reserved 1048576K
}
Event: 97.129 GC heap before
{Heap before GC invocations=95 (full 0):
 garbage-first heap   total 847872K, used 695853K [0x0000000600000000, 0x0000000800000000)
  region size 4096K, 124 young (507904K), 5 survivors (20480K)
 Metaspace       used 148681K, committed 149504K, reserved 1179648K
  class space    used 18727K, committed 19136K, reserved 1048576K
}
Event: 97.139 GC heap after
{Heap after GC invocations=96 (full 0):
 garbage-first heap   total 847872K, used 203400K [0x0000000600000000, 0x0000000800000000)
  region size 4096K, 4 young (16384K), 4 survivors (16384K)
 Metaspace       used 148681K, committed 149504K, reserved 1179648K
  class space    used 18727K, committed 19136K, reserved 1048576K
}
Event: 97.773 GC heap before
{Heap before GC invocations=96 (full 0):
 garbage-first heap   total 847872K, used 694920K [0x0000000600000000, 0x0000000800000000)
  region size 4096K, 124 young (507904K), 4 survivors (16384K)
 Metaspace       used 148682K, committed 149504K, reserved 1179648K
  class space    used 18727K, committed 19136K, reserved 1048576K
}
Event: 97.785 GC heap after
{Heap after GC invocations=97 (full 0):
 garbage-first heap   total 847872K, used 209626K [0x0000000600000000, 0x0000000800000000)
  region size 4096K, 6 young (24576K), 6 survivors (24576K)
 Metaspace       used 148682K, committed 149504K, reserved 1179648K
  class space    used 18727K, committed 19136K, reserved 1048576K
}
Event: 98.689 GC heap before
{Heap before GC invocations=97 (full 0):
 garbage-first heap   total 847872K, used 692954K [0x0000000600000000, 0x0000000800000000)
  region size 4096K, 124 young (507904K), 6 survivors (24576K)
 Metaspace       used 148709K, committed 149504K, reserved 1179648K
  class space    used 18731K, committed 19136K, reserved 1048576K
}

