# JRE version: OpenJDK Runtime Environment Temurin-17.0.19+10 (17.0.19+10) (build 17.0.19+10)
# Java VM: OpenJDK 64-Bit Server VM Temurin-17.0.19+10 (17.0.19+10, mixed mode, sharing, tiered, compressed oops, compressed class ptrs, g1 gc, windows-amd64)
GC Precious Log:
 CPUs: 8 total, 8 available
 Memory: 15761M
 Large Page Support: Disabled
 NUMA Support: Disabled
 Compressed Oops: Enabled (Zero based)
 Heap Region Size: 2M
 Heap Min Capacity: 8M
 Heap Initial Capacity: 248M
 Heap Max Capacity: 3942M
 Pre-touch: Disabled
 Parallel Workers: 8
 Concurrent Workers: 2
 Concurrent Refinement Workers: 8
 Periodic GC: Disabled
Heap:
 garbage-first heap   total 253952K, used 58210K [0x0000000709a00000, 0x0000000800000000)
  region size 2048K, 26 young (53248K), 3 survivors (6144K)
 Metaspace       used 16266K, committed 16448K, reserved 1114112K
  class space    used 1971K, committed 2048K, reserved 1048576K
GC Heap History (10 events):
Event: 4.076 GC heap before
{Heap before GC invocations=0 (full 0):
 garbage-first heap   total 253952K, used 22528K [0x0000000709a00000, 0x0000000800000000)
  region size 2048K, 11 young (22528K), 0 survivors (0K)
 Metaspace       used 8773K, committed 8960K, reserved 1114112K
  class space    used 936K, committed 1024K, reserved 1048576K
}
Event: 4.086 GC heap after
{Heap after GC invocations=1 (full 0):
 garbage-first heap   total 253952K, used 4042K [0x0000000709a00000, 0x0000000800000000)
  region size 2048K, 2 young (4096K), 2 survivors (4096K)
 Metaspace       used 8773K, committed 8960K, reserved 1114112K
  class space    used 936K, committed 1024K, reserved 1048576K
}
Event: 14.032 GC heap before
{Heap before GC invocations=1 (full 0):
 garbage-first heap   total 253952K, used 36810K [0x0000000709a00000, 0x0000000800000000)
  region size 2048K, 16 young (32768K), 2 survivors (4096K)
 Metaspace       used 8877K, committed 9088K, reserved 1114112K
  class space    used 941K, committed 1024K, reserved 1048576K
}
Event: 14.039 GC heap after
{Heap after GC invocations=2 (full 0):
 garbage-first heap   total 253952K, used 8886K [0x0000000709a00000, 0x0000000800000000)
  region size 2048K, 1 young (2048K), 1 survivors (2048K)
 Metaspace       used 8877K, committed 9088K, reserved 1114112K
  class space    used 941K, committed 1024K, reserved 1048576K
}
Event: 30.811 GC heap before
{Heap before GC invocations=2 (full 0):
 garbage-first heap   total 253952K, used 158390K [0x0000000709a00000, 0x0000000800000000)
  region size 2048K, 74 young (151552K), 1 survivors (2048K)
 Metaspace       used 8885K, committed 9088K, reserved 1114112K
  class space    used 943K, committed 1024K, reserved 1048576K
}
Event: 30.812 GC heap after
{Heap after GC invocations=3 (full 0):
 garbage-first heap   total 253952K, used 8543K [0x0000000709a00000, 0x0000000800000000)
  region size 2048K, 1 young (2048K), 1 survivors (2048K)
 Metaspace       used 8885K, committed 9088K, reserved 1114112K
  class space    used 943K, committed 1024K, reserved 1048576K
}
Event: 41.901 GC heap before
{Heap before GC invocations=3 (full 0):
 garbage-first heap   total 253952K, used 158047K [0x0000000709a00000, 0x0000000800000000)
  region size 2048K, 74 young (151552K), 1 survivors (2048K)
 Metaspace       used 8885K, committed 9088K, reserved 1114112K
  class space    used 943K, committed 1024K, reserved 1048576K
}
Event: 41.902 GC heap after
{Heap after GC invocations=4 (full 0):
 garbage-first heap   total 253952K, used 8401K [0x0000000709a00000, 0x0000000800000000)
  region size 2048K, 1 young (2048K), 1 survivors (2048K)
 Metaspace       used 8885K, committed 9088K, reserved 1114112K
  class space    used 943K, committed 1024K, reserved 1048576K
}
Event: 94.364 GC heap before
{Heap before GC invocations=4 (full 0):
 garbage-first heap   total 253952K, used 162001K [0x0000000709a00000, 0x0000000800000000)
  region size 2048K, 74 young (151552K), 1 survivors (2048K)
 Metaspace       used 9433K, committed 9600K, reserved 1114112K
  class space    used 987K, committed 1088K, reserved 1048576K
}
Event: 94.367 GC heap after
{Heap after GC invocations=5 (full 0):
 garbage-first heap   total 253952K, used 13154K [0x0000000709a00000, 0x0000000800000000)
  region size 2048K, 3 young (6144K), 3 survivors (6144K)
 Metaspace       used 9433K, committed 9600K, reserved 1114112K
  class space    used 987K, committed 1088K, reserved 1048576K
}

