# JRE version: OpenJDK Runtime Environment Temurin-17.0.19+10 (17.0.19+10) (build 17.0.19+10)
# Java VM: OpenJDK 64-Bit Server VM Temurin-17.0.19+10 (17.0.19+10, mixed mode, sharing, tiered, compressed oops, compressed class ptrs, g1 gc, windows-amd64)
GC Precious Log:
 CPUs: 8 total, 8 available
 Memory: 15761M
 Large Page Support: Disabled
 NUMA Support: Disabled
 Compressed Oops: Enabled (Zero based)
 Heap Region Size: 2M
 Heap Min Capacity: 8M
 Heap Initial Capacity: 248M
 Heap Max Capacity: 3G
 Pre-touch: Disabled
 Parallel Workers: 8
 Concurrent Workers: 2
 Concurrent Refinement Workers: 8
 Periodic GC: Disabled
Heap:
 garbage-first heap   total 661504K, used 603057K [0x0000000740000000, 0x0000000800000000)
  region size 2048K, 16 young (32768K), 1 survivors (2048K)
 Metaspace       used 149261K, committed 151808K, reserved 557056K
  class space    used 20215K, committed 21248K, reserved 425984K
GC Heap History (20 events):
Event: 376.470 GC heap before
{Heap before GC invocations=308 (full 0):
 garbage-first heap   total 661504K, used 586281K [0x0000000740000000, 0x0000000800000000)
  region size 2048K, 26 young (53248K), 2 survivors (4096K)
 Metaspace       used 129259K, committed 130816K, reserved 557056K
  class space    used 17500K, committed 18176K, reserved 425984K
}
Event: 376.472 GC heap after
{Heap after GC invocations=309 (full 0):
 garbage-first heap   total 661504K, used 536762K [0x0000000740000000, 0x0000000800000000)
  region size 2048K, 1 young (2048K), 1 survivors (2048K)
 Metaspace       used 129259K, committed 130816K, reserved 557056K
  class space    used 17500K, committed 18176K, reserved 425984K
}
Event: 376.650 GC heap before
{Heap before GC invocations=309 (full 0):
 garbage-first heap   total 661504K, used 587962K [0x0000000740000000, 0x0000000800000000)
  region size 2048K, 27 young (55296K), 1 survivors (2048K)
 Metaspace       used 129259K, committed 130816K, reserved 557056K
  class space    used 17500K, committed 18176K, reserved 425984K
}
Event: 376.652 GC heap after
{Heap after GC invocations=310 (full 0):
 garbage-first heap   total 661504K, used 540735K [0x0000000740000000, 0x0000000800000000)
  region size 2048K, 3 young (6144K), 3 survivors (6144K)
 Metaspace       used 129259K, committed 130816K, reserved 557056K
  class space    used 17500K, committed 18176K, reserved 425984K
}
Event: 377.874 GC heap before
{Heap before GC invocations=310 (full 0):
 garbage-first heap   total 661504K, used 585791K [0x0000000740000000, 0x0000000800000000)
  region size 2048K, 25 young (51200K), 3 survivors (6144K)
 Metaspace       used 133027K, committed 134656K, reserved 557056K
  class space    used 18419K, committed 19136K, reserved 425984K
}
Event: 377.878 GC heap after
{Heap after GC invocations=311 (full 0):
 garbage-first heap   total 661504K, used 544897K [0x0000000740000000, 0x0000000800000000)
  region size 2048K, 4 young (8192K), 4 survivors (8192K)
 Metaspace       used 133027K, committed 134656K, reserved 557056K
  class space    used 18419K, committed 19136K, reserved 425984K
}
Event: 378.363 GC heap before
{Heap before GC invocations=311 (full 0):
 garbage-first heap   total 661504K, used 581761K [0x0000000740000000, 0x0000000800000000)
  region size 2048K, 23 young (47104K), 4 survivors (8192K)
 Metaspace       used 138340K, committed 139968K, reserved 557056K
  class space    used 19091K, committed 19776K, reserved 425984K
}
Event: 378.367 GC heap after
{Heap after GC invocations=312 (full 0):
 garbage-first heap   total 661504K, used 546480K [0x0000000740000000, 0x0000000800000000)
  region size 2048K, 1 young (2048K), 1 survivors (2048K)
 Metaspace       used 138340K, committed 139968K, reserved 557056K
  class space    used 19091K, committed 19776K, reserved 425984K
}
Event: 378.811 GC heap before
{Heap before GC invocations=312 (full 0):
 garbage-first heap   total 661504K, used 587440K [0x0000000740000000, 0x0000000800000000)
  region size 2048K, 19 young (38912K), 1 survivors (2048K)
 Metaspace       used 142794K, committed 144448K, reserved 557056K
  class space    used 19656K, committed 20416K, reserved 425984K
}
Event: 378.813 GC heap after
{Heap after GC invocations=313 (full 0):
 garbage-first heap   total 661504K, used 546903K [0x0000000740000000, 0x0000000800000000)
  region size 2048K, 1 young (2048K), 1 survivors (2048K)
 Metaspace       used 142794K, committed 144448K, reserved 557056K
  class space    used 19656K, committed 20416K, reserved 425984K
}
Event: 378.998 GC heap before
{Heap before GC invocations=313 (full 0):
 garbage-first heap   total 661504K, used 591959K [0x0000000740000000, 0x0000000800000000)
  region size 2048K, 20 young (40960K), 1 survivors (2048K)
 Metaspace       used 143800K, committed 145600K, reserved 557056K
  class space    used 19753K, committed 20544K, reserved 425984K
}
Event: 379.005 GC heap after
{Heap after GC invocations=314 (full 0):
 garbage-first heap   total 661504K, used 556537K [0x0000000740000000, 0x0000000800000000)
  region size 2048K, 3 young (6144K), 3 survivors (6144K)
 Metaspace       used 143800K, committed 145600K, reserved 557056K
  class space    used 19753K, committed 20544K, reserved 425984K
}
Event: 379.072 GC heap before
{Heap before GC invocations=314 (full 0):
 garbage-first heap   total 661504K, used 583161K [0x0000000740000000, 0x0000000800000000)
  region size 2048K, 16 young (32768K), 3 survivors (6144K)
 Metaspace       used 143801K, committed 145600K, reserved 557056K
  class space    used 19753K, committed 20544K, reserved 425984K
}
Event: 379.081 GC heap after
{Heap after GC invocations=315 (full 0):
 garbage-first heap   total 661504K, used 565027K [0x0000000740000000, 0x0000000800000000)
  region size 2048K, 2 young (4096K), 2 survivors (4096K)
 Metaspace       used 143801K, committed 145600K, reserved 557056K
  class space    used 19753K, committed 20544K, reserved 425984K
}
Event: 379.205 GC heap before
{Heap before GC invocations=315 (full 0):
 garbage-first heap   total 661504K, used 593699K [0x0000000740000000, 0x0000000800000000)
  region size 2048K, 16 young (32768K), 2 survivors (4096K)
 Metaspace       used 144187K, committed 145856K, reserved 557056K
  class space    used 19796K, committed 20544K, reserved 425984K
}
Event: 379.210 GC heap after
{Heap after GC invocations=316 (full 0):
 garbage-first heap   total 661504K, used 572206K [0x0000000740000000, 0x0000000800000000)
  region size 2048K, 2 young (4096K), 2 survivors (4096K)
 Metaspace       used 144187K, committed 145856K, reserved 557056K
  class space    used 19796K, committed 20544K, reserved 425984K
}
Event: 379.503 GC heap before
{Heap before GC invocations=316 (full 0):
 garbage-first heap   total 661504K, used 600878K [0x0000000740000000, 0x0000000800000000)
  region size 2048K, 16 young (32768K), 2 survivors (4096K)
 Metaspace       used 147805K, committed 149504K, reserved 557056K
  class space    used 20226K, committed 20992K, reserved 425984K
}
Event: 379.506 GC heap after
{Heap after GC invocations=317 (full 0):
 garbage-first heap   total 661504K, used 574370K [0x0000000740000000, 0x0000000800000000)
  region size 2048K, 1 young (2048K), 1 survivors (2048K)
 Metaspace       used 147805K, committed 149504K, reserved 557056K
  class space    used 20226K, committed 20992K, reserved 425984K
}
Event: 379.515 GC heap before
{Heap before GC invocations=317 (full 0):
 garbage-first heap   total 661504K, used 574370K [0x0000000740000000, 0x0000000800000000)
  region size 2048K, 2 young (4096K), 1 survivors (2048K)
 Metaspace       used 147872K, committed 149568K, reserved 557056K
  class space    used 20235K, committed 20992K, reserved 425984K
}
Event: 379.517 GC heap after
{Heap after GC invocations=318 (full 0):
 garbage-first heap   total 661504K, used 574385K [0x0000000740000000, 0x0000000800000000)
  region size 2048K, 1 young (2048K), 1 survivors (2048K)
 Metaspace       used 147872K, committed 149568K, reserved 557056K
  class space    used 20235K, committed 20992K, reserved 425984K
}

